C51 COMPILER V9.00   MAIN                                                                  04/29/2016 20:21:52 PAGE 1   


C51 COMPILER V9.00, COMPILATION OF MODULE MAIN
OBJECT MODULE PLACED IN main.OBJ
COMPILER INVOKED BY: D:\Keil\C51\BIN\C51.EXE main.c BROWSE DEBUG OBJECTEXTEND

line level    source

   1          #include <STC12C5A60S2.H>
   2          #include "common.h"
   3          #include "uart.h" 
   4          #include "mp3.h"
   5          
   6          
   7          void main()
   8          {
   9   1      }


MODULE INFORMATION:   STATIC OVERLAYABLE
   CODE SIZE        =    399    ----
   CONSTANT SIZE    =   ----    ----
   XDATA SIZE       =   ----    ----
   PDATA SIZE       =   ----    ----
   DATA SIZE        =      1    ----
   IDATA SIZE       =   ----    ----
   BIT SIZE         =   ----    ----
END OF MODULE INFORMATION.


C51 COMPILATION COMPLETE.  0 WARNING(S),  0 ERROR(S)
