C51 COMPILER V9.05   MAIN                                                                  04/19/2016 02:55:29 PAGE 1   


C51 COMPILER V9.05, COMPILATION OF MODULE MAIN
OBJECT MODULE PLACED IN main.OBJ
COMPILER INVOKED BY: D:\Keil\C51\BIN\C51.EXE main.c BROWSE DEBUG OBJECTEXTEND

line level    source

   1          #include <stc12.h>
   2          #include "uart.h"
   3          
   4          sbit STEP_1_SIGNAL = P0^0;        //第一关完成
   5          sbit STEP_2_SIGNAL = P0^1;
   6          //当前的步骤 没有参与过 = 0
   7          unsigned char step = 0;
   8          
   9          void playStep3();
  10          
  11          void main()
  12          {
  13   1              TMOD = 0x01;
  14   1              EA = 1;
  15   1              ET0 = 1;
  16   1              TH0 = 0xB8;
  17   1              TL0 = 0;
  18   1      }
  19          
  20          void interruptTimer() interrupt 1
  21          {
  22   1              TH0 = 0xB8;
  23   1              TL0 = 0;
  24   1              
  25   1              //当前第0步骤 
  26   1              if(step == 0)
  27   1              {
  28   2                      if(STEP_1_SIGNAL == 1)
  29   2                      {
  30   3                              step = 1;
  31   3                      } 
  32   2              }
  33   1              else if(step == 1)         //第一关完成
  34   1              {
  35   2                      if(STEP_2_SIGNAL == 1)
  36   2                      {
  37   3                              step = 2;
  38   3                      }
  39   2              }
  40   1              else if(step == 2)        //第二关完成
  41   1              {
  42   2                      playStep3();
  43   2              }
  44   1      }
  45          
  46          void playStep3()
  47          {
  48   1      }


MODULE INFORMATION:   STATIC OVERLAYABLE
   CODE SIZE        =    170    ----
   CONSTANT SIZE    =   ----    ----
   XDATA SIZE       =   ----    ----
   PDATA SIZE       =   ----    ----
C51 COMPILER V9.05   MAIN                                                                  04/19/2016 02:55:29 PAGE 2   

   DATA SIZE        =      2    ----
   IDATA SIZE       =   ----    ----
   BIT SIZE         =   ----    ----
END OF MODULE INFORMATION.


C51 COMPILATION COMPLETE.  0 WARNING(S),  0 ERROR(S)
